2014-08-11 17:52:57,770 INFO  zkclient.ZkEventThread (ZkEventThread.java:run(64)) - Starting ZkClient event thread.
2014-08-11 17:52:57,770 DEBUG zkclient.ZkConnection (ZkConnection.java:connect(63)) - Creating new ZookKeeper instance to connect to 192.241.237.160:2181.
2014-08-11 17:52:57,893 INFO  zookeeper.ZooKeeper (Environment.java:logEnv(97)) - Client environment:zookeeper.version=3.3.3-1073969, built on 02/23/2011 22:27 GMT
2014-08-11 17:52:57,893 INFO  zookeeper.ZooKeeper (Environment.java:logEnv(97)) - Client environment:host.name=vijayk-LIFEBOOK
2014-08-11 17:52:57,894 INFO  zookeeper.ZooKeeper (Environment.java:logEnv(97)) - Client environment:java.version=1.7.0_25
2014-08-11 17:52:57,894 INFO  zookeeper.ZooKeeper (Environment.java:logEnv(97)) - Client environment:java.vendor=Oracle Corporation
2014-08-11 17:52:57,895 INFO  zookeeper.ZooKeeper (Environment.java:logEnv(97)) - Client environment:java.home=/usr/lib/jvm/java-7-openjdk-amd64/jre
2014-08-11 17:52:57,895 INFO  zookeeper.ZooKeeper (Environment.java:logEnv(97)) - Client environment:java.class.path=/home/daniel/Workspace/insights-data-logger/micro-aggregation/target/classes:/home/daniel/.m2/repository/org/json/json/20090211/json-20090211.jar:/home/daniel/.m2/repository/org/clojars/paul/core-kafka_2.8.0/0.7.0-1/core-kafka_2.8.0-0.7.0-1.jar:/home/daniel/.m2/repository/org/apache/zookeeper/zookeeper/3.3.3/zookeeper-3.3.3.jar:/home/daniel/.m2/repository/jline/jline/0.9.94/jline-0.9.94.jar:/home/daniel/.m2/repository/net/sf/jopt-simple/jopt-simple/3.2/jopt-simple-3.2.jar:/home/daniel/.m2/repository/log4j/log4j/1.2.15/log4j-1.2.15.jar:/home/daniel/.m2/repository/javax/mail/mail/1.4/mail-1.4.jar:/home/daniel/.m2/repository/javax/activation/activation/1.1/activation-1.1.jar:/home/daniel/.m2/repository/com/github/sgroschupf/zkclient/0.1/zkclient-0.1.jar:/home/daniel/.m2/repository/org/scala-lang/scala-library/2.8.0/scala-library-2.8.0.jar:/home/daniel/.m2/repository/commons-cli/commons-cli/1.2/commons-cli-1.2.jar:/home/daniel/.m2/repository/commons-io/commons-io/2.4/commons-io-2.4.jar:/home/daniel/.m2/repository/org/slf4j/slf4j-api/1.6.4/slf4j-api-1.6.4.jar:/home/daniel/.m2/repository/de/congrace/exp4j/0.3.11/exp4j-0.3.11.jar:/home/daniel/.m2/repository/ch/qos/logback/logback-classic/1.0.0/logback-classic-1.0.0.jar:/home/daniel/.m2/repository/javax/servlet/jsp-api/2.0/jsp-api-2.0.jar:/home/daniel/.m2/repository/org/glassfish/javax.json/1.0.4/javax.json-1.0.4.jar:/home/daniel/.m2/repository/commons-discovery/commons-discovery/0.4/commons-discovery-0.4.jar:/home/daniel/.m2/repository/commons-logging/commons-logging/1.0.4/commons-logging-1.0.4.jar:/home/daniel/.m2/repository/org/apache/struts/struts-taglib/1.3.10/struts-taglib-1.3.10.jar:/home/daniel/.m2/repository/org/apache/struts/struts-core/1.3.10/struts-core-1.3.10.jar:/home/daniel/.m2/repository/commons-beanutils/commons-beanutils/1.8.0/commons-beanutils-1.8.0.jar:/home/daniel/.m2/repository/commons-chain/commons-chain/1.2/commons-chain-1.2.jar:/home/daniel/.m2/repository/commons-digester/commons-digester/1.8/commons-digester-1.8.jar:/home/daniel/.m2/repository/commons-validator/commons-validator/1.3.1/commons-validator-1.3.1.jar:/home/daniel/.m2/repository/javax/servlet/jstl/1.1.2/jstl-1.1.2.jar:/home/daniel/.m2/repository/opensymphony/sitemesh/2.4.2/sitemesh-2.4.2.jar:/home/daniel/.m2/repository/xalan/xalan/2.7.1/xalan-2.7.1.jar:/home/daniel/.m2/repository/xalan/serializer/2.7.1/serializer-2.7.1.jar:/home/daniel/.m2/repository/xml-apis/xml-apis/1.3.04/xml-apis-1.3.04.jar:/home/daniel/.m2/repository/taglibs/standard/1.1.2/standard-1.1.2.jar:/home/daniel/.m2/repository/javax/persistence/persistence-api/1.0/persistence-api-1.0.jar:/home/daniel/.m2/repository/net/sourceforge/pjl-comp-filter/pjl-comp-filter/1.6.4/pjl-comp-filter-1.6.4.jar:/home/daniel/.m2/repository/json-taglib/json-taglib/0.4.1/json-taglib-0.4.1.jar:/home/daniel/.m2/repository/commons-codec/commons-codec/1.4/commons-codec-1.4.jar:/home/daniel/.m2/repository/antlr/antlr/2.7.6/antlr-2.7.6.jar:/home/daniel/.m2/repository/org/springframework/security/spring-security-config/3.1.1.RELEASE/spring-security-config-3.1.1.RELEASE.jar:/home/daniel/.m2/repository/org/springframework/spring-core/3.1.2.RELEASE/spring-core-3.1.2.RELEASE.jar:/home/daniel/.m2/repository/org/springframework/spring-context/3.1.2.RELEASE/spring-context-3.1.2.RELEASE.jar:/home/daniel/.m2/repository/org/springframework/spring-beans/3.1.2.RELEASE/spring-beans-3.1.2.RELEASE.jar:/home/daniel/.m2/repository/org/springframework/security/spring-security-core/3.1.1.RELEASE/spring-security-core-3.1.1.RELEASE.jar:/home/daniel/.m2/repository/org/springframework/spring-expression/3.1.2.RELEASE/spring-expression-3.1.2.RELEASE.jar:/home/daniel/.m2/repository/org/springframework/security/spring-security-taglibs/3.1.1.RELEASE/spring-security-taglibs-3.1.1.RELEASE.jar:/home/daniel/.m2/repository/org/springframework/spring-web/3.1.2.RELEASE/spring-web-3.1.2.RELEASE.jar:/home/daniel/.m2/repository/org/springframework/security/spring-security-acl/3.1.1.RELEASE/spring-security-acl-3.1.1.RELEASE.jar:/home/daniel/.m2/repository/org/springframework/security/spring-security-web/3.1.1.RELEASE/spring-security-web-3.1.1.RELEASE.jar:/home/daniel/.m2/repository/org/springframework/spring-jdbc/3.1.2.RELEASE/spring-jdbc-3.1.2.RELEASE.jar:/home/daniel/.m2/repository/org/springframework/spring-tx/3.1.2.RELEASE/spring-tx-3.1.2.RELEASE.jar:/home/daniel/.m2/repository/org/springframework/spring-aspects/3.1.2.RELEASE/spring-aspects-3.1.2.RELEASE.jar:/home/daniel/.m2/repository/org/springframework/spring-context-support/3.1.2.RELEASE/spring-context-support-3.1.2.RELEASE.jar:/home/daniel/.m2/repository/org/springframework/spring-webmvc/3.1.2.RELEASE/spring-webmvc-3.1.2.RELEASE.jar:/home/daniel/.m2/repository/org/springframework/spring-orm/3.1.2.RELEASE/spring-orm-3.1.2.RELEASE.jar:/home/daniel/.m2/repository/org/springframework/spring-oxm/3.1.2.RELEASE/spring-oxm-3.1.2.RELEASE.jar:/home/daniel/.m2/repository/commons-lang/commons-lang/2.5/commons-lang-2.5.jar:/home/daniel/.m2/repository/org/springframework/spring-asm/3.1.2.RELEASE/spring-asm-3.1.2.RELEASE.jar:/home/daniel/.m2/repository/aopalliance/aopalliance/1.0/aopalliance-1.0.jar:/home/daniel/.m2/repository/org/springframework/spring-aop/3.1.2.RELEASE/spring-aop-3.1.2.RELEASE.jar:/home/daniel/.m2/repository/org/aspectj/aspectjweaver/1.6.12/aspectjweaver-1.6.12.jar:/home/daniel/.m2/repository/javax/servlet/servlet-api/2.3/servlet-api-2.3.jar:/home/daniel/.m2/repository/com/restfb/restfb/1.6.9/restfb-1.6.9.jar:/home/daniel/.m2/repository/spy/spymemcached/2.7/spymemcached-2.7.jar:/home/daniel/.m2/repository/ch/qos/logback/logback-core/1.0.0/logback-core-1.0.0.jar:/home/daniel/.m2/repository/com/itextpdf/itextpdf/5.3.1/itextpdf-5.3.1.jar:/home/daniel/.m2/repository/org/bouncycastle/bctsp-jdk15/1.46/bctsp-jdk15-1.46.jar:/home/daniel/.m2/repository/org/bouncycastle/bcprov-jdk15/1.46/bcprov-jdk15-1.46.jar:/home/daniel/.m2/repository/org/bouncycastle/bcmail-jdk15/1.46/bcmail-jdk15-1.46.jar:/home/daniel/.m2/repository/commons-pool/commons-pool/1.5.6/commons-pool-1.5.6.jar:/home/daniel/.m2/repository/org/apache/httpcomponents/httpclient/4.0.1/httpclient-4.0.1.jar:/home/daniel/.m2/repository/org/apache/httpcomponents/httpcore/4.0.1/httpcore-4.0.1.jar:/home/daniel/.m2/repository/net/java/dev/jets3t/jets3t/0.8.1/jets3t-0.8.1.jar:/home/daniel/.m2/repository/commons-httpclient/commons-httpclient/3.1/commons-httpclient-3.1.jar:/home/daniel/.m2/repository/com/jamesmurty/utils/java-xmlbuilder/0.4/java-xmlbuilder-0.4.jar:/home/daniel/.m2/repository/net/sf/flexjson/flexjson/2.1/flexjson-2.1.jar:/home/daniel/.m2/repository/commons-fileupload/commons-fileupload/1.2.1/commons-fileupload-1.2.1.jar:/home/daniel/.m2/repository/org/codehaus/jackson/jackson-mapper-asl/1.7.0/jackson-mapper-asl-1.7.0.jar:/home/daniel/.m2/repository/org/codehaus/jackson/jackson-core-asl/1.7.0/jackson-core-asl-1.7.0.jar:/home/daniel/.m2/repository/com/thoughtworks/xstream/xstream/1.4.2/xstream-1.4.2.jar:/home/daniel/.m2/repository/xmlpull/xmlpull/1.1.3.1/xmlpull-1.1.3.1.jar:/home/daniel/.m2/repository/xpp3/xpp3_min/1.1.4c/xpp3_min-1.1.4c.jar:/home/daniel/.m2/repository/com/thoughtworks/xstream/xstream-hibernate/1.4.2/xstream-hibernate-1.4.2.jar:/home/daniel/.m2/repository/hsqldb/hsqldb/1.8.0.7/hsqldb-1.8.0.7.jar:/home/daniel/.m2/repository/org/osgi/org.osgi.core/4.0.0/org.osgi.core-4.0.0.jar:/home/daniel/.m2/repository/org/restlet/jse/org.restlet/2.0.7/org.restlet-2.0.7.jar:/home/daniel/.m2/repository/org/restlet/jse/org.restlet.ext.simple/2.0.0/org.restlet.ext.simple-2.0.0.jar:/home/daniel/.m2/repository/org/simpleframework/simple/4.1.20/simple-4.1.20.jar:/home/daniel/.m2/repository/commons-dbcp/commons-dbcp/1.2.2/commons-dbcp-1.2.2.jar:/home/daniel/.m2/repository/org/hibernate/hibernate-core/4.0.1.Final/hibernate-core-4.0.1.Final.jar:/home/daniel/.m2/repository/commons-collections/commons-collections/3.2.1/commons-collections-3.2.1.jar:/home/daniel/.m2/repository/org/jboss/spec/javax/transaction/jboss-transaction-api_1.1_spec/1.0.0.Final/jboss-transaction-api_1.1_spec-1.0.0.Final.jar:/home/daniel/.m2/repository/dom4j/dom4j/1.6.1/dom4j-1.6.1.jar:/home/daniel/.m2/repository/org/hibernate/javax/persistence/hibernate-jpa-2.0-api/1.0.1.Final/hibernate-jpa-2.0-api-1.0.1.Final.jar:/home/daniel/.m2/repository/org/jboss/logging/jboss-logging/3.1.0.CR2/jboss-logging-3.1.0.CR2.jar:/home/daniel/.m2/repository/org/javassist/javassist/3.15.0-GA/javassist-3.15.0-GA.jar:/home/daniel/.m2/repository/org/hibernate/common/hibernate-commons-annotations/4.0.1.Final/hibernate-commons-annotations-4.0.1.Final.jar:/home/daniel/.m2/repository/org/apache/pig/pig/0.10.0/pig-0.10.0.jar:/home/daniel/.m2/repository/xmlenc/xmlenc/0.52/xmlenc-0.52.jar:/home/daniel/.m2/repository/commons-net/commons-net/1.4.1/commons-net-1.4.1.jar:/home/daniel/.m2/repository/org/mortbay/jetty/jetty/6.1.26/jetty-6.1.26.jar:/home/daniel/.m2/repository/org/mortbay/jetty/servlet-api/2.5-20081211/servlet-api-2.5-20081211.jar:/home/daniel/.m2/repository/org/mortbay/jetty/jetty-util/6.1.26/jetty-util-6.1.26.jar:/home/daniel/.m2/repository/tomcat/jasper-runtime/5.5.12/jasper-runtime-5.5.12.jar:/home/daniel/.m2/repository/tomcat/jasper-compiler/5.5.12/jasper-compiler-5.5.12.jar:/home/daniel/.m2/repository/org/mortbay/jetty/jsp-api-2.1/6.1.14/jsp-api-2.1-6.1.14.jar:/home/daniel/.m2/repository/org/mortbay/jetty/jsp-2.1/6.1.14/jsp-2.1-6.1.14.jar:/home/daniel/.m2/repository/org/eclipse/jdt/core/3.1.1/core-3.1.1.jar:/home/daniel/.m2/repository/ant/ant/1.6.5/ant-1.6.5.jar:/home/daniel/.m2/repository/commons-el/commons-el/1.0/commons-el-1.0.jar:/home/daniel/.m2/repository/org/mortbay/jetty/servlet-api-2.5/6.1.14/servlet-api-2.5-6.1.14.jar:/home/daniel/.m2/repository/net/sf/kosmosfs/kfs/0.3/kfs-0.3.jar:/home/daniel/.m2/repository/oro/oro/2.0.8/oro-2.0.8.jar:/home/daniel/.m2/repository/org/apache/hadoop/avro/1.3.2/avro-1.3.2.jar:/home/daniel/.m2/repository/com/thoughtworks/paranamer/paranamer/2.2/paranamer-2.2.jar:/home/daniel/.m2/repository/com/thoughtworks/paranamer/paranamer-ant/2.2/paranamer-ant-2.2.jar:/home/daniel/.m2/repository/com/thoughtworks/paranamer/paranamer-generator/2.2/paranamer-generator-2.2.jar:/home/daniel/.m2/repository/com/thoughtworks/qdox/qdox/1.10.1/qdox-1.10.1.jar:/home/daniel/.m2/repository/asm/asm/3.2/asm-3.2.jar:/home/daniel/.m2/repository/org/hibernate/hibernate-entitymanager/4.0.1.Final/hibernate-entitymanager-4.0.1.Final.jar:/home/daniel/.m2/repository/c3p0/c3p0/0.9.1.2/c3p0-0.9.1.2.jar:/home/daniel/.m2/repository/net/sf/ehcache/ehcache/1.6.0/ehcache-1.6.0-osgi.jar:/home/daniel/.m2/repository/mysql/mysql-connector-java/5.1.6/mysql-connector-java-5.1.6.jar:/home/daniel/.m2/repository/com/netflix/astyanax/astyanax/1.56.42/astyanax-1.56.42.jar:/home/daniel/.m2/repository/com/eaio/uuid/uuid/3.2/uuid-3.2.jar:/home/daniel/.m2/repository/com/netflix/astyanax/astyanax-recipes/1.56.42/astyanax-recipes-1.56.42.jar:/home/daniel/.m2/repository/com/googlecode/concurrentlinkedhashmap/concurrentlinkedhashmap-lru/1.3/concurrentlinkedhashmap-lru-1.3.jar:/home/daniel/.m2/repository/com/netflix/astyanax/astyanax-core/1.56.42/astyanax-core-1.56.42.jar:/home/daniel/.m2/repository/joda-time/joda-time/1.6.2/joda-time-1.6.2.jar:/home/daniel/.m2/repository/com/google/guava/guava/14.0.1/guava-14.0.1.jar:/home/daniel/.m2/repository/com/netflix/astyanax/astyanax-queue/1.56.42/astyanax-queue-1.56.42.jar:/home/daniel/.m2/repository/com/netflix/astyanax/astyanax-cassandra/1.56.42/astyanax-cassandra-1.56.42.jar:/home/daniel/.m2/repository/org/jboss/netty/netty/3.2.4.Final/netty-3.2.4.Final.jar:/home/daniel/.m2/repository/org/apache/servicemix/bundles/org.apache.servicemix.bundles.commons-csv/1.0-r706900_3/org.apache.servicemix.bundles.commons-csv-1.0-r706900_3.jar:/home/daniel/.m2/repository/org/apache/cassandra/cassandra-all/1.2.2/cassandra-all-1.2.2.jar:/home/daniel/.m2/repository/net/jpountz/lz4/lz4/1.1.0/lz4-1.1.0.jar:/home/daniel/.m2/repository/com/ning/compress-lzf/0.8.4/compress-lzf-0.8.4.jar:/home/daniel/.m2/repository/org/antlr/antlr/3.2/antlr-3.2.jar:/home/daniel/.m2/repository/org/antlr/antlr-runtime/3.2/antlr-runtime-3.2.jar:/home/daniel/.m2/repository/org/antlr/stringtemplate/3.2/stringtemplate-3.2.jar:/home/daniel/.m2/repository/org/apache/cassandra/deps/avro/1.4.0-cassandra-1/avro-1.4.0-cassandra-1.jar:/home/daniel/.m2/repository/com/googlecode/json-simple/json-simple/1.1/json-simple-1.1.jar:/home/daniel/.m2/repository/org/yaml/snakeyaml/1.6/snakeyaml-1.6.jar:/home/daniel/.m2/repository/edu/stanford/ppl/snaptree/0.1/snaptree-0.1.jar:/home/daniel/.m2/repository/org/mindrot/jbcrypt/0.3m/jbcrypt-0.3m.jar:/home/daniel/.m2/repository/com/yammer/metrics/metrics-core/2.0.3/metrics-core-2.0.3.jar:/home/daniel/.m2/repository/org/slf4j/slf4j-log4j12/1.7.2/slf4j-log4j12-1.7.2.jar:/home/daniel/.m2/repository/com/github/stephenc/jamm/0.2.5/jamm-0.2.5.jar:/home/daniel/.m2/repository/com/github/stephenc/high-scale-lib/high-scale-lib/1.1.2/high-scale-lib-1.1.2.jar:/home/daniel/.m2/repository/com/netflix/astyanax/astyanax-thrift/1.56.42/astyanax-thrift-1.56.42.jar:/home/daniel/.m2/repository/org/apache/cassandra/cassandra-thrift/1.2.2/cassandra-thrift-1.2.2.jar:/home/daniel/.m2/repository/org/apache/thrift/libthrift/0.7.0/libthrift-0.7.0.jar:/home/daniel/.m2/repository/org/xerial/snappy/snappy-java/1.0.4.1/snappy-java-1.0.4.1.jar:/home/daniel/.m2/repository/com/netflix/astyanax/astyanax-examples/1.56.42/astyanax-examples-1.56.42.jar:/home/daniel/.m2/repository/org/codehaus/jettison/jettison/1.2/jettison-1.2.jar:/home/daniel/.m2/repository/stax/stax-api/1.0.1/stax-api-1.0.1.jar:/home/daniel/.m2/repository/com/netflix/astyanax/astyanax-entity-mapper/1.56.42/astyanax-entity-mapper-1.56.42.jar:/home/daniel/.m2/repository/com/fasterxml/jackson/core/jackson-annotations/2.1.1/jackson-annotations-2.1.1.jar:/home/daniel/.m2/repository/com/google/code/gson/gson/2.2.2/gson-2.2.2.jar
2014-08-11 17:52:57,905 INFO  zookeeper.ZooKeeper (Environment.java:logEnv(97)) - Client environment:java.library.path=/usr/java/packages/lib/amd64:/usr/lib/x86_64-linux-gnu/jni:/lib/x86_64-linux-gnu:/usr/lib/x86_64-linux-gnu:/usr/lib/jni:/lib:/usr/lib
2014-08-11 17:52:57,905 INFO  zookeeper.ZooKeeper (Environment.java:logEnv(97)) - Client environment:java.io.tmpdir=/tmp
2014-08-11 17:52:57,906 INFO  zookeeper.ZooKeeper (Environment.java:logEnv(97)) - Client environment:java.compiler=<NA>
2014-08-11 17:52:57,906 INFO  zookeeper.ZooKeeper (Environment.java:logEnv(97)) - Client environment:os.name=Linux
2014-08-11 17:52:57,907 INFO  zookeeper.ZooKeeper (Environment.java:logEnv(97)) - Client environment:os.arch=amd64
2014-08-11 17:52:57,907 INFO  zookeeper.ZooKeeper (Environment.java:logEnv(97)) - Client environment:os.version=3.11.0-12-generic
2014-08-11 17:52:57,908 INFO  zookeeper.ZooKeeper (Environment.java:logEnv(97)) - Client environment:user.name=daniel
2014-08-11 17:52:57,912 INFO  zookeeper.ZooKeeper (Environment.java:logEnv(97)) - Client environment:user.home=/home/daniel
2014-08-11 17:52:57,912 INFO  zookeeper.ZooKeeper (Environment.java:logEnv(97)) - Client environment:user.dir=/home/daniel/Workspace/insights-data-logger/micro-aggregation
2014-08-11 17:52:57,914 INFO  zookeeper.ZooKeeper (ZooKeeper.java:<init>(373)) - Initiating client connection, connectString=192.241.237.160:2181 sessionTimeout=6000 watcher=org.I0Itec.zkclient.ZkClient@6173718e
2014-08-11 17:52:57,964 INFO  zookeeper.ClientCnxn (ClientCnxn.java:startConnect(1041)) - Opening socket connection to server /192.241.237.160:2181
2014-08-11 17:52:57,968 DEBUG zkclient.ZkClient (ZkClient.java:connect(874)) - Awaiting connection to Zookeeper server
2014-08-11 17:52:57,970 DEBUG zkclient.ZkClient (ZkClient.java:waitForKeeperState(628)) - Waiting for keeper state SyncConnected
2014-08-11 17:53:03,554 INFO  zookeeper.ClientCnxn (ClientCnxn.java:primeConnection(949)) - Socket connection established to 192.241.237.160/192.241.237.160:2181, initiating session
2014-08-11 17:53:03,887 INFO  zookeeper.ClientCnxn (ClientCnxn.java:readConnectResult(738)) - Session establishment complete on server 192.241.237.160/192.241.237.160:2181, sessionid = 0x1475e37a42f1860, negotiated timeout = 6000
2014-08-11 17:53:03,890 DEBUG zkclient.ZkClient (ZkClient.java:process(351)) - Received event: WatchedEvent state:SyncConnected type:None path:null
2014-08-11 17:53:03,891 INFO  zkclient.ZkClient (ZkClient.java:processStateChanged(449)) - zookeeper state changed (SyncConnected)
2014-08-11 17:53:03,891 DEBUG zkclient.ZkClient (ZkClient.java:process(395)) - Leaving process event
2014-08-11 17:53:03,892 DEBUG zkclient.ZkClient (ZkClient.java:waitForKeeperState(638)) - State is SyncConnected
2014-08-11 17:53:05,646 DEBUG producer.ZKBrokerPartitionInfo (ZKBrokerPartitionInfo.scala:apply(175)) - Broker ids and # of partitions on each for topic: search-index-1x = ArrayBuffer((0,1))
2014-08-11 17:53:05,716 DEBUG producer.ZKBrokerPartitionInfo (ZKBrokerPartitionInfo.scala:apply(186)) - Sorted list of broker ids and partition ids on each for topic: search-index-1x = TreeSet(0-0)
2014-08-11 17:53:06,342 DEBUG producer.ZKBrokerPartitionInfo (ZKBrokerPartitionInfo.scala:apply(175)) - Broker ids and # of partitions on each for topic: event-log-writer-daniel = ArrayBuffer((0,1))
2014-08-11 17:53:06,342 DEBUG producer.ZKBrokerPartitionInfo (ZKBrokerPartitionInfo.scala:apply(186)) - Sorted list of broker ids and partition ids on each for topic: event-log-writer-daniel = TreeSet(0-0)
2014-08-11 17:53:06,648 DEBUG producer.ZKBrokerPartitionInfo (ZKBrokerPartitionInfo.scala:apply(175)) - Broker ids and # of partitions on each for topic: dev-search-reindex-1x = ArrayBuffer()
2014-08-11 17:53:06,649 DEBUG producer.ZKBrokerPartitionInfo (ZKBrokerPartitionInfo.scala:apply(186)) - Sorted list of broker ids and partition ids on each for topic: dev-search-reindex-1x = TreeSet()
2014-08-11 17:53:07,360 DEBUG producer.ZKBrokerPartitionInfo (ZKBrokerPartitionInfo.scala:apply(175)) - Broker ids and # of partitions on each for topic: event-log-writer-dev = ArrayBuffer((0,1))
2014-08-11 17:53:07,360 DEBUG producer.ZKBrokerPartitionInfo (ZKBrokerPartitionInfo.scala:apply(186)) - Sorted list of broker ids and partition ids on each for topic: event-log-writer-dev = TreeSet(0-0)
2014-08-11 17:53:07,667 DEBUG producer.ZKBrokerPartitionInfo (ZKBrokerPartitionInfo.scala:apply(175)) - Broker ids and # of partitions on each for topic: activity-log = ArrayBuffer()
2014-08-11 17:53:07,668 DEBUG producer.ZKBrokerPartitionInfo (ZKBrokerPartitionInfo.scala:apply(186)) - Sorted list of broker ids and partition ids on each for topic: activity-log = TreeSet()
2014-08-11 17:53:08,288 DEBUG producer.ZKBrokerPartitionInfo (ZKBrokerPartitionInfo.scala:apply(175)) - Broker ids and # of partitions on each for topic: event-log-aggregator-dev = ArrayBuffer((0,1))
2014-08-11 17:53:08,289 DEBUG producer.ZKBrokerPartitionInfo (ZKBrokerPartitionInfo.scala:apply(186)) - Sorted list of broker ids and partition ids on each for topic: event-log-aggregator-dev = TreeSet(0-0)
2014-08-11 17:53:08,910 DEBUG producer.ZKBrokerPartitionInfo (ZKBrokerPartitionInfo.scala:apply(175)) - Broker ids and # of partitions on each for topic: qa-search-reindex-1x = ArrayBuffer((0,1))
2014-08-11 17:53:08,911 DEBUG producer.ZKBrokerPartitionInfo (ZKBrokerPartitionInfo.scala:apply(186)) - Sorted list of broker ids and partition ids on each for topic: qa-search-reindex-1x = TreeSet(0-0)
2014-08-11 17:53:09,541 DEBUG producer.ZKBrokerPartitionInfo (ZKBrokerPartitionInfo.scala:apply(175)) - Broker ids and # of partitions on each for topic: local-search-reindex-1x = ArrayBuffer((0,1))
2014-08-11 17:53:09,541 DEBUG producer.ZKBrokerPartitionInfo (ZKBrokerPartitionInfo.scala:apply(186)) - Sorted list of broker ids and partition ids on each for topic: local-search-reindex-1x = TreeSet(0-0)
2014-08-11 17:53:10,173 DEBUG producer.ZKBrokerPartitionInfo (ZKBrokerPartitionInfo.scala:apply(175)) - Broker ids and # of partitions on each for topic: event-log-writer-qa = ArrayBuffer((0,1))
2014-08-11 17:53:10,173 DEBUG producer.ZKBrokerPartitionInfo (ZKBrokerPartitionInfo.scala:apply(186)) - Sorted list of broker ids and partition ids on each for topic: event-log-writer-qa = TreeSet(0-0)
2014-08-11 17:53:10,489 DEBUG producer.ZKBrokerPartitionInfo (ZKBrokerPartitionInfo.scala:apply(175)) - Broker ids and # of partitions on each for topic: event-log-writeri-qa = ArrayBuffer()
2014-08-11 17:53:10,490 DEBUG producer.ZKBrokerPartitionInfo (ZKBrokerPartitionInfo.scala:apply(186)) - Sorted list of broker ids and partition ids on each for topic: event-log-writeri-qa = TreeSet()
2014-08-11 17:53:11,117 DEBUG producer.ZKBrokerPartitionInfo (ZKBrokerPartitionInfo.scala:apply(175)) - Broker ids and # of partitions on each for topic: activity-log-dev = ArrayBuffer((0,1))
2014-08-11 17:53:11,117 DEBUG producer.ZKBrokerPartitionInfo (ZKBrokerPartitionInfo.scala:apply(186)) - Sorted list of broker ids and partition ids on each for topic: activity-log-dev = TreeSet(0-0)
2014-08-11 17:53:11,741 DEBUG producer.ZKBrokerPartitionInfo (ZKBrokerPartitionInfo.scala:apply(175)) - Broker ids and # of partitions on each for topic: local-search-reindex-3x = ArrayBuffer((0,1))
2014-08-11 17:53:11,742 DEBUG producer.ZKBrokerPartitionInfo (ZKBrokerPartitionInfo.scala:apply(186)) - Sorted list of broker ids and partition ids on each for topic: local-search-reindex-3x = TreeSet(0-0)
2014-08-11 17:53:12,374 DEBUG producer.ZKBrokerPartitionInfo (ZKBrokerPartitionInfo.scala:apply(175)) - Broker ids and # of partitions on each for topic: local-search-reindex-2x = ArrayBuffer((0,1))
2014-08-11 17:53:12,375 DEBUG producer.ZKBrokerPartitionInfo (ZKBrokerPartitionInfo.scala:apply(186)) - Sorted list of broker ids and partition ids on each for topic: local-search-reindex-2x = TreeSet(0-0)
2014-08-11 17:53:13,026 DEBUG producer.ZKBrokerPartitionInfo (ZKBrokerPartitionInfo.scala:apply(175)) - Broker ids and # of partitions on each for topic: event-log-aggregator-qa = ArrayBuffer((0,1))
2014-08-11 17:53:13,027 DEBUG producer.ZKBrokerPartitionInfo (ZKBrokerPartitionInfo.scala:apply(186)) - Sorted list of broker ids and partition ids on each for topic: event-log-aggregator-qa = TreeSet(0-0)
2014-08-11 17:53:13,675 DEBUG producer.ZKBrokerPartitionInfo (ZKBrokerPartitionInfo.scala:apply(175)) - Broker ids and # of partitions on each for topic: activity-log-qa = ArrayBuffer((0,1))
2014-08-11 17:53:13,676 DEBUG producer.ZKBrokerPartitionInfo (ZKBrokerPartitionInfo.scala:apply(186)) - Sorted list of broker ids and partition ids on each for topic: activity-log-qa = TreeSet(0-0)
2014-08-11 17:53:14,321 DEBUG producer.ZKBrokerPartitionInfo (ZKBrokerPartitionInfo.scala:apply(175)) - Broker ids and # of partitions on each for topic: event-log-writer = ArrayBuffer((0,1))
2014-08-11 17:53:14,322 DEBUG producer.ZKBrokerPartitionInfo (ZKBrokerPartitionInfo.scala:apply(186)) - Sorted list of broker ids and partition ids on each for topic: event-log-writer = TreeSet(0-0)
2014-08-11 17:53:15,007 DEBUG producer.ZKBrokerPartitionInfo$BrokerTopicsListener (ZKBrokerPartitionInfo.scala:<init>(218)) - [BrokerTopicsListener] Creating broker topics listener to watch the following paths - 
/broker/topics, /broker/topics/topic, /broker/ids
2014-08-11 17:53:15,021 DEBUG producer.ZKBrokerPartitionInfo$BrokerTopicsListener (ZKBrokerPartitionInfo.scala:<init>(221)) - [BrokerTopicsListener] Initialized this broker topics listener with initial mapping of broker id to partition id per topic with Map(event-log-aggregator-dev -> TreeSet(0-0), local-search-reindex-2x -> TreeSet(0-0), activity-log-dev -> TreeSet(0-0), event-log-writer -> TreeSet(0-0), search-index-1x -> TreeSet(0-0), event-log-aggregator-qa -> TreeSet(0-0), activity-log-qa -> TreeSet(0-0), event-log-writer-daniel -> TreeSet(0-0), activity-log -> TreeSet(), qa-search-reindex-1x -> TreeSet(0-0), event-log-writeri-qa -> TreeSet(), event-log-writer-dev -> TreeSet(0-0), local-search-reindex-1x -> TreeSet(0-0), local-search-reindex-3x -> TreeSet(0-0), event-log-writer-qa -> TreeSet(0-0), dev-search-reindex-1x -> TreeSet())
2014-08-11 17:53:16,317 DEBUG producer.ZKBrokerPartitionInfo (ZKBrokerPartitionInfo.scala:apply(78)) - Registering listener on path: /brokers/topics/event-log-aggregator-dev
2014-08-11 17:53:16,930 DEBUG producer.ZKBrokerPartitionInfo (ZKBrokerPartitionInfo.scala:apply(78)) - Registering listener on path: /brokers/topics/local-search-reindex-2x
2014-08-11 17:53:17,541 DEBUG producer.ZKBrokerPartitionInfo (ZKBrokerPartitionInfo.scala:apply(78)) - Registering listener on path: /brokers/topics/activity-log-dev
2014-08-11 17:53:18,169 DEBUG producer.ZKBrokerPartitionInfo (ZKBrokerPartitionInfo.scala:apply(78)) - Registering listener on path: /brokers/topics/event-log-writer
2014-08-11 17:53:18,795 DEBUG producer.ZKBrokerPartitionInfo (ZKBrokerPartitionInfo.scala:apply(78)) - Registering listener on path: /brokers/topics/search-index-1x
2014-08-11 17:53:19,449 DEBUG producer.ZKBrokerPartitionInfo (ZKBrokerPartitionInfo.scala:apply(78)) - Registering listener on path: /brokers/topics/event-log-aggregator-qa
2014-08-11 17:53:20,080 DEBUG producer.ZKBrokerPartitionInfo (ZKBrokerPartitionInfo.scala:apply(78)) - Registering listener on path: /brokers/topics/activity-log-qa
2014-08-11 17:53:20,757 DEBUG producer.ZKBrokerPartitionInfo (ZKBrokerPartitionInfo.scala:apply(78)) - Registering listener on path: /brokers/topics/event-log-writer-daniel
2014-08-11 17:53:21,426 DEBUG producer.ZKBrokerPartitionInfo (ZKBrokerPartitionInfo.scala:apply(78)) - Registering listener on path: /brokers/topics/activity-log
2014-08-11 17:53:22,088 DEBUG producer.ZKBrokerPartitionInfo (ZKBrokerPartitionInfo.scala:apply(78)) - Registering listener on path: /brokers/topics/qa-search-reindex-1x
2014-08-11 17:53:23,274 DEBUG producer.ZKBrokerPartitionInfo (ZKBrokerPartitionInfo.scala:apply(78)) - Registering listener on path: /brokers/topics/event-log-writeri-qa
2014-08-11 17:53:23,934 DEBUG producer.ZKBrokerPartitionInfo (ZKBrokerPartitionInfo.scala:apply(78)) - Registering listener on path: /brokers/topics/event-log-writer-dev
2014-08-11 17:53:24,547 DEBUG producer.ZKBrokerPartitionInfo (ZKBrokerPartitionInfo.scala:apply(78)) - Registering listener on path: /brokers/topics/local-search-reindex-1x
2014-08-11 17:53:25,161 DEBUG producer.ZKBrokerPartitionInfo (ZKBrokerPartitionInfo.scala:apply(78)) - Registering listener on path: /brokers/topics/local-search-reindex-3x
2014-08-11 17:53:25,797 DEBUG producer.ZKBrokerPartitionInfo (ZKBrokerPartitionInfo.scala:apply(78)) - Registering listener on path: /brokers/topics/event-log-writer-qa
2014-08-11 17:53:26,428 DEBUG producer.ZKBrokerPartitionInfo (ZKBrokerPartitionInfo.scala:apply(78)) - Registering listener on path: /brokers/topics/dev-search-reindex-1x
2014-08-11 17:53:27,155 DEBUG producer.SyncProducer (SyncProducer.scala:<init>(49)) - Instantiating Scala Sync Producer
2014-08-11 17:53:27,531 INFO  producer.ProducerPool (ProducerPool.scala:addProducer(88)) - Creating async producer for broker id = 0 at 192.241.237.160:9092
2014-08-11 17:53:27,630 DEBUG producer.Producer (Producer.scala:kafka$producer$Producer$$getPartitionListForTopic(172)) - Getting the number of broker partitions registered for topic: event-log-writer-dev
2014-08-11 17:53:27,645 DEBUG producer.Producer (Producer.scala:kafka$producer$Producer$$getPartitionListForTopic(175)) - Broker partitions registered for topic: event-log-writer-dev = List(0-0)
2014-08-11 17:53:27,646 DEBUG producer.Producer (Producer.scala:apply(133)) - Sending message to broker 192.241.237.160:9092 on partition 0
2014-08-11 17:53:27,673 DEBUG producer.ProducerPool (ProducerPool.scala:apply$mcVI$sp(127)) - Fetching async producer for broker id: 0
2014-08-11 17:53:27,683 DEBUG producer.ProducerPool (ProducerPool.scala:apply$mcVI$sp(136)) - Sending compressed messages
2014-08-11 17:53:32,546 DEBUG async.ProducerSendThread (ProducerSendThread.scala:apply(94)) - 5000 ms elapsed. Queue time reached. Sending..
2014-08-11 17:53:32,546 DEBUG async.ProducerSendThread (ProducerSendThread.scala:tryToHandle(117)) - Handling 1 events
2014-08-11 17:53:32,782 DEBUG message.CompressionUtils$ (CompressionUtils.scala:compress(62)) - Allocating message byte buffer of size = 961
2014-08-11 17:53:32,923 DEBUG message.ByteBufferMessageSet (ByteBufferMessageSet.scala:makeNext(136)) - makeNext() in deepIterator: innerDone = true
2014-08-11 17:53:32,942 DEBUG message.ByteBufferMessageSet (ByteBufferMessageSet.scala:makeNextOuter(123)) - Message is compressed. Valid byte count = 0
2014-08-11 17:53:33,041 DEBUG message.ByteBufferMessageSet (ByteBufferMessageSet.scala:makeNext(136)) - makeNext() in deepIterator: innerDone = true
2014-08-11 17:53:33,042 DEBUG message.ByteBufferMessageSet (ByteBufferMessageSet.scala:makeNextOuter(115)) - Message is uncompressed. Valid byte count = 0
2014-08-11 17:53:33,044 DEBUG message.ByteBufferMessageSet (ByteBufferMessageSet.scala:makeNext(136)) - makeNext() in deepIterator: innerDone = false
2014-08-11 17:53:33,044 DEBUG message.ByteBufferMessageSet (ByteBufferMessageSet.scala:makeNext(136)) - makeNext() in deepIterator: innerDone = true
2014-08-11 17:53:33,045 DEBUG message.ByteBufferMessageSet (ByteBufferMessageSet.scala:makeNext(136)) - makeNext() in deepIterator: innerDone = true
2014-08-11 17:53:33,340 INFO  producer.SyncProducer (SyncProducer.scala:connect(173)) - Connected to 192.241.237.160:9092 for producing
2014-08-11 17:53:38,350 DEBUG async.ProducerSendThread (ProducerSendThread.scala:apply(94)) - 5000 ms elapsed. Queue time reached. Sending..
2014-08-11 17:53:38,350 DEBUG async.ProducerSendThread (ProducerSendThread.scala:tryToHandle(117)) - Handling 0 events
2014-08-11 17:53:43,351 DEBUG async.ProducerSendThread (ProducerSendThread.scala:apply(94)) - 5001 ms elapsed. Queue time reached. Sending..
2014-08-11 17:53:43,351 DEBUG async.ProducerSendThread (ProducerSendThread.scala:tryToHandle(117)) - Handling 0 events
2014-08-11 17:53:48,375 DEBUG async.ProducerSendThread (ProducerSendThread.scala:apply(94)) - 5000 ms elapsed. Queue time reached. Sending..
2014-08-11 17:53:48,375 DEBUG async.ProducerSendThread (ProducerSendThread.scala:tryToHandle(117)) - Handling 0 events
2014-08-11 17:53:53,376 DEBUG async.ProducerSendThread (ProducerSendThread.scala:apply(94)) - 5000 ms elapsed. Queue time reached. Sending..
2014-08-11 17:53:53,377 DEBUG async.ProducerSendThread (ProducerSendThread.scala:tryToHandle(117)) - Handling 0 events
2014-08-11 17:53:58,378 DEBUG async.ProducerSendThread (ProducerSendThread.scala:apply(94)) - 5001 ms elapsed. Queue time reached. Sending..
2014-08-11 17:53:58,378 DEBUG async.ProducerSendThread (ProducerSendThread.scala:tryToHandle(117)) - Handling 0 events
2014-08-11 17:54:03,378 DEBUG async.ProducerSendThread (ProducerSendThread.scala:apply(94)) - 5000 ms elapsed. Queue time reached. Sending..
2014-08-11 17:54:03,379 DEBUG async.ProducerSendThread (ProducerSendThread.scala:tryToHandle(117)) - Handling 0 events
2014-08-11 17:54:08,380 DEBUG async.ProducerSendThread (ProducerSendThread.scala:apply(94)) - 5000 ms elapsed. Queue time reached. Sending..
2014-08-11 17:54:08,380 DEBUG async.ProducerSendThread (ProducerSendThread.scala:tryToHandle(117)) - Handling 0 events
2014-08-11 17:54:13,381 DEBUG async.ProducerSendThread (ProducerSendThread.scala:apply(94)) - 5001 ms elapsed. Queue time reached. Sending..
2014-08-11 17:54:13,381 DEBUG async.ProducerSendThread (ProducerSendThread.scala:tryToHandle(117)) - Handling 0 events
2014-08-11 17:54:18,381 DEBUG async.ProducerSendThread (ProducerSendThread.scala:apply(94)) - 5000 ms elapsed. Queue time reached. Sending..
2014-08-11 17:54:18,382 DEBUG async.ProducerSendThread (ProducerSendThread.scala:tryToHandle(117)) - Handling 0 events
2014-08-11 17:54:23,382 DEBUG async.ProducerSendThread (ProducerSendThread.scala:apply(94)) - 5000 ms elapsed. Queue time reached. Sending..
2014-08-11 17:54:23,383 DEBUG async.ProducerSendThread (ProducerSendThread.scala:tryToHandle(117)) - Handling 0 events
2014-08-11 17:54:28,383 DEBUG async.ProducerSendThread (ProducerSendThread.scala:apply(94)) - 5000 ms elapsed. Queue time reached. Sending..
2014-08-11 17:54:28,384 DEBUG async.ProducerSendThread (ProducerSendThread.scala:tryToHandle(117)) - Handling 0 events
2014-08-11 17:54:33,384 DEBUG async.ProducerSendThread (ProducerSendThread.scala:apply(94)) - 5000 ms elapsed. Queue time reached. Sending..
2014-08-11 17:54:33,385 DEBUG async.ProducerSendThread (ProducerSendThread.scala:tryToHandle(117)) - Handling 0 events
2014-08-11 17:54:38,385 DEBUG async.ProducerSendThread (ProducerSendThread.scala:apply(94)) - 5000 ms elapsed. Queue time reached. Sending..
2014-08-11 17:54:38,385 DEBUG async.ProducerSendThread (ProducerSendThread.scala:tryToHandle(117)) - Handling 0 events
2014-08-11 17:54:43,386 DEBUG async.ProducerSendThread (ProducerSendThread.scala:apply(94)) - 5000 ms elapsed. Queue time reached. Sending..
2014-08-11 17:54:43,386 DEBUG async.ProducerSendThread (ProducerSendThread.scala:tryToHandle(117)) - Handling 0 events
2014-08-11 17:54:48,387 DEBUG async.ProducerSendThread (ProducerSendThread.scala:apply(94)) - 5000 ms elapsed. Queue time reached. Sending..
2014-08-11 17:54:48,387 DEBUG async.ProducerSendThread (ProducerSendThread.scala:tryToHandle(117)) - Handling 0 events
2014-08-11 17:54:53,387 DEBUG async.ProducerSendThread (ProducerSendThread.scala:apply(94)) - 5000 ms elapsed. Queue time reached. Sending..
2014-08-11 17:54:53,388 DEBUG async.ProducerSendThread (ProducerSendThread.scala:tryToHandle(117)) - Handling 0 events
2014-08-11 17:54:58,388 DEBUG async.ProducerSendThread (ProducerSendThread.scala:apply(94)) - 5000 ms elapsed. Queue time reached. Sending..
2014-08-11 17:54:58,389 DEBUG async.ProducerSendThread (ProducerSendThread.scala:tryToHandle(117)) - Handling 0 events
2014-08-11 17:55:03,389 DEBUG async.ProducerSendThread (ProducerSendThread.scala:apply(94)) - 5000 ms elapsed. Queue time reached. Sending..
2014-08-11 17:55:03,390 DEBUG async.ProducerSendThread (ProducerSendThread.scala:tryToHandle(117)) - Handling 0 events
2014-08-11 17:55:08,390 DEBUG async.ProducerSendThread (ProducerSendThread.scala:apply(94)) - 5000 ms elapsed. Queue time reached. Sending..
2014-08-11 17:55:08,391 DEBUG async.ProducerSendThread (ProducerSendThread.scala:tryToHandle(117)) - Handling 0 events
2014-08-11 17:55:13,391 DEBUG async.ProducerSendThread (ProducerSendThread.scala:apply(94)) - 5000 ms elapsed. Queue time reached. Sending..
2014-08-11 17:55:13,392 DEBUG async.ProducerSendThread (ProducerSendThread.scala:tryToHandle(117)) - Handling 0 events
2014-08-11 17:55:18,393 DEBUG async.ProducerSendThread (ProducerSendThread.scala:apply(94)) - 5000 ms elapsed. Queue time reached. Sending..
2014-08-11 17:55:18,393 DEBUG async.ProducerSendThread (ProducerSendThread.scala:tryToHandle(117)) - Handling 0 events
2014-08-11 17:55:23,394 DEBUG async.ProducerSendThread (ProducerSendThread.scala:apply(94)) - 5000 ms elapsed. Queue time reached. Sending..
2014-08-11 17:55:23,394 DEBUG async.ProducerSendThread (ProducerSendThread.scala:tryToHandle(117)) - Handling 0 events
2014-08-11 17:55:28,395 DEBUG async.ProducerSendThread (ProducerSendThread.scala:apply(94)) - 5001 ms elapsed. Queue time reached. Sending..
2014-08-11 17:55:28,395 DEBUG async.ProducerSendThread (ProducerSendThread.scala:tryToHandle(117)) - Handling 0 events
2014-08-11 17:55:33,395 DEBUG async.ProducerSendThread (ProducerSendThread.scala:apply(94)) - 5000 ms elapsed. Queue time reached. Sending..
2014-08-11 17:55:33,396 DEBUG async.ProducerSendThread (ProducerSendThread.scala:tryToHandle(117)) - Handling 0 events
2014-08-11 17:55:38,396 DEBUG async.ProducerSendThread (ProducerSendThread.scala:apply(94)) - 5000 ms elapsed. Queue time reached. Sending..
2014-08-11 17:55:38,397 DEBUG async.ProducerSendThread (ProducerSendThread.scala:tryToHandle(117)) - Handling 0 events
2014-08-11 17:55:43,397 DEBUG async.ProducerSendThread (ProducerSendThread.scala:apply(94)) - 5000 ms elapsed. Queue time reached. Sending..
2014-08-11 17:55:43,397 DEBUG async.ProducerSendThread (ProducerSendThread.scala:tryToHandle(117)) - Handling 0 events
2014-08-11 17:55:48,398 DEBUG async.ProducerSendThread (ProducerSendThread.scala:apply(94)) - 5000 ms elapsed. Queue time reached. Sending..
2014-08-11 17:55:48,398 DEBUG async.ProducerSendThread (ProducerSendThread.scala:tryToHandle(117)) - Handling 0 events
2014-08-11 17:55:53,399 DEBUG async.ProducerSendThread (ProducerSendThread.scala:apply(94)) - 5000 ms elapsed. Queue time reached. Sending..
2014-08-11 17:55:53,399 DEBUG async.ProducerSendThread (ProducerSendThread.scala:tryToHandle(117)) - Handling 0 events
2014-08-11 17:55:58,400 DEBUG async.ProducerSendThread (ProducerSendThread.scala:apply(94)) - 5001 ms elapsed. Queue time reached. Sending..
2014-08-11 17:55:58,400 DEBUG async.ProducerSendThread (ProducerSendThread.scala:tryToHandle(117)) - Handling 0 events
2014-08-11 17:56:03,400 DEBUG async.ProducerSendThread (ProducerSendThread.scala:apply(94)) - 5000 ms elapsed. Queue time reached. Sending..
2014-08-11 17:56:03,401 DEBUG async.ProducerSendThread (ProducerSendThread.scala:tryToHandle(117)) - Handling 0 events
2014-08-11 17:56:08,401 DEBUG async.ProducerSendThread (ProducerSendThread.scala:apply(94)) - 5000 ms elapsed. Queue time reached. Sending..
2014-08-11 17:56:08,402 DEBUG async.ProducerSendThread (ProducerSendThread.scala:tryToHandle(117)) - Handling 0 events
2014-08-11 17:56:13,402 DEBUG async.ProducerSendThread (ProducerSendThread.scala:apply(94)) - 5000 ms elapsed. Queue time reached. Sending..
2014-08-11 17:56:13,402 DEBUG async.ProducerSendThread (ProducerSendThread.scala:tryToHandle(117)) - Handling 0 events
2014-08-11 17:56:18,403 DEBUG async.ProducerSendThread (ProducerSendThread.scala:apply(94)) - 5000 ms elapsed. Queue time reached. Sending..
2014-08-11 17:56:18,403 DEBUG async.ProducerSendThread (ProducerSendThread.scala:tryToHandle(117)) - Handling 0 events
2014-08-11 17:56:23,404 DEBUG async.ProducerSendThread (ProducerSendThread.scala:apply(94)) - 5000 ms elapsed. Queue time reached. Sending..
2014-08-11 17:56:23,404 DEBUG async.ProducerSendThread (ProducerSendThread.scala:tryToHandle(117)) - Handling 0 events
2014-08-11 17:56:28,405 DEBUG async.ProducerSendThread (ProducerSendThread.scala:apply(94)) - 5000 ms elapsed. Queue time reached. Sending..
2014-08-11 17:56:28,405 DEBUG async.ProducerSendThread (ProducerSendThread.scala:tryToHandle(117)) - Handling 0 events
2014-08-11 17:56:33,406 DEBUG async.ProducerSendThread (ProducerSendThread.scala:apply(94)) - 5000 ms elapsed. Queue time reached. Sending..
2014-08-11 17:56:33,406 DEBUG async.ProducerSendThread (ProducerSendThread.scala:tryToHandle(117)) - Handling 0 events
2014-08-11 17:56:38,407 DEBUG async.ProducerSendThread (ProducerSendThread.scala:apply(94)) - 5000 ms elapsed. Queue time reached. Sending..
2014-08-11 17:56:38,407 DEBUG async.ProducerSendThread (ProducerSendThread.scala:tryToHandle(117)) - Handling 0 events
2014-08-11 17:56:43,408 DEBUG async.ProducerSendThread (ProducerSendThread.scala:apply(94)) - 5001 ms elapsed. Queue time reached. Sending..
2014-08-11 17:56:43,408 DEBUG async.ProducerSendThread (ProducerSendThread.scala:tryToHandle(117)) - Handling 0 events
2014-08-11 17:56:48,408 DEBUG async.ProducerSendThread (ProducerSendThread.scala:apply(94)) - 5000 ms elapsed. Queue time reached. Sending..
2014-08-11 17:56:48,409 DEBUG async.ProducerSendThread (ProducerSendThread.scala:tryToHandle(117)) - Handling 0 events
2014-08-11 17:56:53,409 DEBUG async.ProducerSendThread (ProducerSendThread.scala:apply(94)) - 5000 ms elapsed. Queue time reached. Sending..
2014-08-11 17:56:53,410 DEBUG async.ProducerSendThread (ProducerSendThread.scala:tryToHandle(117)) - Handling 0 events
2014-08-11 17:56:58,411 DEBUG async.ProducerSendThread (ProducerSendThread.scala:apply(94)) - 5001 ms elapsed. Queue time reached. Sending..
2014-08-11 17:56:58,463 DEBUG async.ProducerSendThread (ProducerSendThread.scala:tryToHandle(117)) - Handling 0 events
2014-08-11 17:57:03,463 DEBUG async.ProducerSendThread (ProducerSendThread.scala:apply(94)) - 5000 ms elapsed. Queue time reached. Sending..
2014-08-11 17:57:03,464 DEBUG async.ProducerSendThread (ProducerSendThread.scala:tryToHandle(117)) - Handling 0 events
2014-08-11 17:57:08,464 DEBUG async.ProducerSendThread (ProducerSendThread.scala:apply(94)) - 5000 ms elapsed. Queue time reached. Sending..
2014-08-11 17:57:08,465 DEBUG async.ProducerSendThread (ProducerSendThread.scala:tryToHandle(117)) - Handling 0 events
2014-08-11 17:57:13,465 DEBUG async.ProducerSendThread (ProducerSendThread.scala:apply(94)) - 5000 ms elapsed. Queue time reached. Sending..
2014-08-11 17:57:13,465 DEBUG async.ProducerSendThread (ProducerSendThread.scala:tryToHandle(117)) - Handling 0 events
2014-08-11 17:57:18,466 DEBUG async.ProducerSendThread (ProducerSendThread.scala:apply(94)) - 5000 ms elapsed. Queue time reached. Sending..
2014-08-11 17:57:18,466 DEBUG async.ProducerSendThread (ProducerSendThread.scala:tryToHandle(117)) - Handling 0 events
2014-08-11 17:57:23,467 DEBUG async.ProducerSendThread (ProducerSendThread.scala:apply(94)) - 5001 ms elapsed. Queue time reached. Sending..
2014-08-11 17:57:23,467 DEBUG async.ProducerSendThread (ProducerSendThread.scala:tryToHandle(117)) - Handling 0 events
2014-08-11 17:57:28,468 DEBUG async.ProducerSendThread (ProducerSendThread.scala:apply(94)) - 5000 ms elapsed. Queue time reached. Sending..
2014-08-11 17:57:28,468 DEBUG async.ProducerSendThread (ProducerSendThread.scala:tryToHandle(117)) - Handling 0 events
2014-08-11 17:57:33,469 DEBUG async.ProducerSendThread (ProducerSendThread.scala:apply(94)) - 5000 ms elapsed. Queue time reached. Sending..
2014-08-11 17:57:33,469 DEBUG async.ProducerSendThread (ProducerSendThread.scala:tryToHandle(117)) - Handling 0 events
2014-08-11 17:57:38,470 DEBUG async.ProducerSendThread (ProducerSendThread.scala:apply(94)) - 5000 ms elapsed. Queue time reached. Sending..
2014-08-11 17:57:38,471 DEBUG async.ProducerSendThread (ProducerSendThread.scala:tryToHandle(117)) - Handling 0 events
2014-08-11 17:57:43,471 DEBUG async.ProducerSendThread (ProducerSendThread.scala:apply(94)) - 5000 ms elapsed. Queue time reached. Sending..
2014-08-11 17:57:43,471 DEBUG async.ProducerSendThread (ProducerSendThread.scala:tryToHandle(117)) - Handling 0 events
2014-08-11 17:57:48,472 DEBUG async.ProducerSendThread (ProducerSendThread.scala:apply(94)) - 5000 ms elapsed. Queue time reached. Sending..
2014-08-11 17:57:48,472 DEBUG async.ProducerSendThread (ProducerSendThread.scala:tryToHandle(117)) - Handling 0 events
2014-08-11 17:57:53,472 DEBUG async.ProducerSendThread (ProducerSendThread.scala:apply(94)) - 5000 ms elapsed. Queue time reached. Sending..
2014-08-11 17:57:53,473 DEBUG async.ProducerSendThread (ProducerSendThread.scala:tryToHandle(117)) - Handling 0 events
2014-08-11 17:57:58,473 DEBUG async.ProducerSendThread (ProducerSendThread.scala:apply(94)) - 5000 ms elapsed. Queue time reached. Sending..
2014-08-11 17:57:58,474 DEBUG async.ProducerSendThread (ProducerSendThread.scala:tryToHandle(117)) - Handling 0 events
2014-08-11 17:58:03,474 DEBUG async.ProducerSendThread (ProducerSendThread.scala:apply(94)) - 5000 ms elapsed. Queue time reached. Sending..
2014-08-11 17:58:03,475 DEBUG async.ProducerSendThread (ProducerSendThread.scala:tryToHandle(117)) - Handling 0 events
2014-08-11 17:58:08,475 DEBUG async.ProducerSendThread (ProducerSendThread.scala:apply(94)) - 5000 ms elapsed. Queue time reached. Sending..
2014-08-11 17:58:08,476 DEBUG async.ProducerSendThread (ProducerSendThread.scala:tryToHandle(117)) - Handling 0 events
2014-08-11 17:58:13,476 DEBUG async.ProducerSendThread (ProducerSendThread.scala:apply(94)) - 5000 ms elapsed. Queue time reached. Sending..
2014-08-11 17:58:13,477 DEBUG async.ProducerSendThread (ProducerSendThread.scala:tryToHandle(117)) - Handling 0 events
2014-08-11 17:58:18,477 DEBUG async.ProducerSendThread (ProducerSendThread.scala:apply(94)) - 5000 ms elapsed. Queue time reached. Sending..
2014-08-11 17:58:18,478 DEBUG async.ProducerSendThread (ProducerSendThread.scala:tryToHandle(117)) - Handling 0 events
2014-08-11 17:58:23,478 DEBUG async.ProducerSendThread (ProducerSendThread.scala:apply(94)) - 5000 ms elapsed. Queue time reached. Sending..
2014-08-11 17:58:23,478 DEBUG async.ProducerSendThread (ProducerSendThread.scala:tryToHandle(117)) - Handling 0 events
2014-08-11 17:58:28,479 DEBUG async.ProducerSendThread (ProducerSendThread.scala:apply(94)) - 5000 ms elapsed. Queue time reached. Sending..
2014-08-11 17:58:28,479 DEBUG async.ProducerSendThread (ProducerSendThread.scala:tryToHandle(117)) - Handling 0 events
2014-08-11 17:58:33,480 DEBUG async.ProducerSendThread (ProducerSendThread.scala:apply(94)) - 5001 ms elapsed. Queue time reached. Sending..
2014-08-11 17:58:33,480 DEBUG async.ProducerSendThread (ProducerSendThread.scala:tryToHandle(117)) - Handling 0 events
2014-08-11 17:58:38,480 DEBUG async.ProducerSendThread (ProducerSendThread.scala:apply(94)) - 5000 ms elapsed. Queue time reached. Sending..
2014-08-11 17:58:38,481 DEBUG async.ProducerSendThread (ProducerSendThread.scala:tryToHandle(117)) - Handling 0 events
2014-08-11 17:58:43,481 DEBUG async.ProducerSendThread (ProducerSendThread.scala:apply(94)) - 5000 ms elapsed. Queue time reached. Sending..
2014-08-11 17:58:43,505 DEBUG async.ProducerSendThread (ProducerSendThread.scala:tryToHandle(117)) - Handling 0 events
2014-08-11 17:58:48,507 DEBUG async.ProducerSendThread (ProducerSendThread.scala:apply(94)) - 5001 ms elapsed. Queue time reached. Sending..
2014-08-11 17:58:48,507 DEBUG async.ProducerSendThread (ProducerSendThread.scala:tryToHandle(117)) - Handling 0 events
2014-08-11 17:58:53,508 DEBUG async.ProducerSendThread (ProducerSendThread.scala:apply(94)) - 5000 ms elapsed. Queue time reached. Sending..
2014-08-11 17:58:53,508 DEBUG async.ProducerSendThread (ProducerSendThread.scala:tryToHandle(117)) - Handling 0 events
2014-08-11 17:58:58,509 DEBUG async.ProducerSendThread (ProducerSendThread.scala:apply(94)) - 5000 ms elapsed. Queue time reached. Sending..
2014-08-11 17:58:58,509 DEBUG async.ProducerSendThread (ProducerSendThread.scala:tryToHandle(117)) - Handling 0 events
2014-08-11 17:59:03,530 DEBUG async.ProducerSendThread (ProducerSendThread.scala:apply(94)) - 5000 ms elapsed. Queue time reached. Sending..
2014-08-11 17:59:03,531 DEBUG async.ProducerSendThread (ProducerSendThread.scala:tryToHandle(117)) - Handling 0 events
2014-08-11 17:59:08,532 DEBUG async.ProducerSendThread (ProducerSendThread.scala:apply(94)) - 5000 ms elapsed. Queue time reached. Sending..
2014-08-11 17:59:08,532 DEBUG async.ProducerSendThread (ProducerSendThread.scala:tryToHandle(117)) - Handling 0 events
2014-08-11 17:59:13,533 DEBUG async.ProducerSendThread (ProducerSendThread.scala:apply(94)) - 5000 ms elapsed. Queue time reached. Sending..
2014-08-11 17:59:13,533 DEBUG async.ProducerSendThread (ProducerSendThread.scala:tryToHandle(117)) - Handling 0 events
2014-08-11 17:59:18,534 DEBUG async.ProducerSendThread (ProducerSendThread.scala:apply(94)) - 5001 ms elapsed. Queue time reached. Sending..
2014-08-11 17:59:18,534 DEBUG async.ProducerSendThread (ProducerSendThread.scala:tryToHandle(117)) - Handling 0 events
2014-08-11 17:59:23,534 DEBUG async.ProducerSendThread (ProducerSendThread.scala:apply(94)) - 5000 ms elapsed. Queue time reached. Sending..
2014-08-11 17:59:23,535 DEBUG async.ProducerSendThread (ProducerSendThread.scala:tryToHandle(117)) - Handling 0 events
2014-08-11 17:59:28,535 DEBUG async.ProducerSendThread (ProducerSendThread.scala:apply(94)) - 5000 ms elapsed. Queue time reached. Sending..
2014-08-11 17:59:28,535 DEBUG async.ProducerSendThread (ProducerSendThread.scala:tryToHandle(117)) - Handling 0 events
2014-08-11 17:59:33,536 DEBUG async.ProducerSendThread (ProducerSendThread.scala:apply(94)) - 5000 ms elapsed. Queue time reached. Sending..
2014-08-11 17:59:33,538 DEBUG async.ProducerSendThread (ProducerSendThread.scala:tryToHandle(117)) - Handling 0 events
2014-08-11 17:59:38,538 DEBUG async.ProducerSendThread (ProducerSendThread.scala:apply(94)) - 5000 ms elapsed. Queue time reached. Sending..
2014-08-11 17:59:38,539 DEBUG async.ProducerSendThread (ProducerSendThread.scala:tryToHandle(117)) - Handling 0 events
2014-08-11 17:59:43,539 DEBUG async.ProducerSendThread (ProducerSendThread.scala:apply(94)) - 5000 ms elapsed. Queue time reached. Sending..
2014-08-11 17:59:43,539 DEBUG async.ProducerSendThread (ProducerSendThread.scala:tryToHandle(117)) - Handling 0 events
2014-08-11 17:59:48,540 DEBUG async.ProducerSendThread (ProducerSendThread.scala:apply(94)) - 5000 ms elapsed. Queue time reached. Sending..
2014-08-11 17:59:48,540 DEBUG async.ProducerSendThread (ProducerSendThread.scala:tryToHandle(117)) - Handling 0 events
2014-08-11 17:59:53,541 DEBUG async.ProducerSendThread (ProducerSendThread.scala:apply(94)) - 5001 ms elapsed. Queue time reached. Sending..
2014-08-11 17:59:53,541 DEBUG async.ProducerSendThread (ProducerSendThread.scala:tryToHandle(117)) - Handling 0 events
2014-08-11 17:59:58,541 DEBUG async.ProducerSendThread (ProducerSendThread.scala:apply(94)) - 5000 ms elapsed. Queue time reached. Sending..
2014-08-11 17:59:58,542 DEBUG async.ProducerSendThread (ProducerSendThread.scala:tryToHandle(117)) - Handling 0 events
2014-08-11 18:00:03,542 DEBUG async.ProducerSendThread (ProducerSendThread.scala:apply(94)) - 5000 ms elapsed. Queue time reached. Sending..
2014-08-11 18:00:03,543 DEBUG async.ProducerSendThread (ProducerSendThread.scala:tryToHandle(117)) - Handling 0 events
2014-08-11 18:00:08,543 DEBUG async.ProducerSendThread (ProducerSendThread.scala:apply(94)) - 5000 ms elapsed. Queue time reached. Sending..
2014-08-11 18:00:08,544 DEBUG async.ProducerSendThread (ProducerSendThread.scala:tryToHandle(117)) - Handling 0 events
2014-08-11 18:00:13,544 DEBUG async.ProducerSendThread (ProducerSendThread.scala:apply(94)) - 5000 ms elapsed. Queue time reached. Sending..
2014-08-11 18:00:13,545 DEBUG async.ProducerSendThread (ProducerSendThread.scala:tryToHandle(117)) - Handling 0 events
2014-08-11 18:00:18,546 DEBUG async.ProducerSendThread (ProducerSendThread.scala:apply(94)) - 5001 ms elapsed. Queue time reached. Sending..
2014-08-11 18:00:18,546 DEBUG async.ProducerSendThread (ProducerSendThread.scala:tryToHandle(117)) - Handling 0 events
2014-08-11 18:00:23,546 DEBUG async.ProducerSendThread (ProducerSendThread.scala:apply(94)) - 5000 ms elapsed. Queue time reached. Sending..
2014-08-11 18:00:23,547 DEBUG async.ProducerSendThread (ProducerSendThread.scala:tryToHandle(117)) - Handling 0 events
2014-08-11 18:00:28,547 DEBUG async.ProducerSendThread (ProducerSendThread.scala:apply(94)) - 5000 ms elapsed. Queue time reached. Sending..
2014-08-11 18:00:28,548 DEBUG async.ProducerSendThread (ProducerSendThread.scala:tryToHandle(117)) - Handling 0 events
2014-08-11 18:00:33,548 DEBUG async.ProducerSendThread (ProducerSendThread.scala:apply(94)) - 5000 ms elapsed. Queue time reached. Sending..
2014-08-11 18:00:33,549 DEBUG async.ProducerSendThread (ProducerSendThread.scala:tryToHandle(117)) - Handling 0 events
2014-08-11 18:00:38,549 DEBUG async.ProducerSendThread (ProducerSendThread.scala:apply(94)) - 5000 ms elapsed. Queue time reached. Sending..
2014-08-11 18:00:38,550 DEBUG async.ProducerSendThread (ProducerSendThread.scala:tryToHandle(117)) - Handling 0 events
2014-08-11 18:00:43,550 DEBUG async.ProducerSendThread (ProducerSendThread.scala:apply(94)) - 5000 ms elapsed. Queue time reached. Sending..
2014-08-11 18:00:43,551 DEBUG async.ProducerSendThread (ProducerSendThread.scala:tryToHandle(117)) - Handling 0 events
2014-08-11 18:00:48,551 DEBUG async.ProducerSendThread (ProducerSendThread.scala:apply(94)) - 5000 ms elapsed. Queue time reached. Sending..
2014-08-11 18:00:48,551 DEBUG async.ProducerSendThread (ProducerSendThread.scala:tryToHandle(117)) - Handling 0 events
2014-08-11 18:00:53,552 DEBUG async.ProducerSendThread (ProducerSendThread.scala:apply(94)) - 5000 ms elapsed. Queue time reached. Sending..
2014-08-11 18:00:53,552 DEBUG async.ProducerSendThread (ProducerSendThread.scala:tryToHandle(117)) - Handling 0 events
2014-08-11 18:00:58,553 DEBUG async.ProducerSendThread (ProducerSendThread.scala:apply(94)) - 5000 ms elapsed. Queue time reached. Sending..
2014-08-11 18:00:58,553 DEBUG async.ProducerSendThread (ProducerSendThread.scala:tryToHandle(117)) - Handling 0 events
2014-08-11 18:01:03,554 DEBUG async.ProducerSendThread (ProducerSendThread.scala:apply(94)) - 5001 ms elapsed. Queue time reached. Sending..
2014-08-11 18:01:03,554 DEBUG async.ProducerSendThread (ProducerSendThread.scala:tryToHandle(117)) - Handling 0 events
2014-08-11 18:01:08,554 DEBUG async.ProducerSendThread (ProducerSendThread.scala:apply(94)) - 5000 ms elapsed. Queue time reached. Sending..
2014-08-11 18:01:08,555 DEBUG async.ProducerSendThread (ProducerSendThread.scala:tryToHandle(117)) - Handling 0 events
2014-08-11 18:01:13,555 DEBUG async.ProducerSendThread (ProducerSendThread.scala:apply(94)) - 5000 ms elapsed. Queue time reached. Sending..
2014-08-11 18:01:13,556 DEBUG async.ProducerSendThread (ProducerSendThread.scala:tryToHandle(117)) - Handling 0 events
2014-08-11 18:01:18,556 DEBUG async.ProducerSendThread (ProducerSendThread.scala:apply(94)) - 5000 ms elapsed. Queue time reached. Sending..
2014-08-11 18:01:18,557 DEBUG async.ProducerSendThread (ProducerSendThread.scala:tryToHandle(117)) - Handling 0 events
2014-08-11 18:01:23,557 DEBUG async.ProducerSendThread (ProducerSendThread.scala:apply(94)) - 5000 ms elapsed. Queue time reached. Sending..
2014-08-11 18:01:23,557 DEBUG async.ProducerSendThread (ProducerSendThread.scala:tryToHandle(117)) - Handling 0 events
2014-08-11 18:01:28,558 DEBUG async.ProducerSendThread (ProducerSendThread.scala:apply(94)) - 5000 ms elapsed. Queue time reached. Sending..
2014-08-11 18:01:28,680 DEBUG async.ProducerSendThread (ProducerSendThread.scala:tryToHandle(117)) - Handling 0 events
2014-08-11 18:01:33,681 DEBUG async.ProducerSendThread (ProducerSendThread.scala:apply(94)) - 5001 ms elapsed. Queue time reached. Sending..
2014-08-11 18:01:33,682 DEBUG async.ProducerSendThread (ProducerSendThread.scala:tryToHandle(117)) - Handling 0 events
2014-08-11 18:01:38,682 DEBUG async.ProducerSendThread (ProducerSendThread.scala:apply(94)) - 5000 ms elapsed. Queue time reached. Sending..
2014-08-11 18:01:38,683 DEBUG async.ProducerSendThread (ProducerSendThread.scala:tryToHandle(117)) - Handling 0 events
2014-08-11 18:01:43,683 DEBUG async.ProducerSendThread (ProducerSendThread.scala:apply(94)) - 5000 ms elapsed. Queue time reached. Sending..
2014-08-11 18:01:43,684 DEBUG async.ProducerSendThread (ProducerSendThread.scala:tryToHandle(117)) - Handling 0 events
2014-08-11 18:01:48,684 DEBUG async.ProducerSendThread (ProducerSendThread.scala:apply(94)) - 5000 ms elapsed. Queue time reached. Sending..
2014-08-11 18:01:48,684 DEBUG async.ProducerSendThread (ProducerSendThread.scala:tryToHandle(117)) - Handling 0 events
2014-08-11 18:01:53,685 DEBUG async.ProducerSendThread (ProducerSendThread.scala:apply(94)) - 5000 ms elapsed. Queue time reached. Sending..
2014-08-11 18:01:53,685 DEBUG async.ProducerSendThread (ProducerSendThread.scala:tryToHandle(117)) - Handling 0 events
2014-08-11 18:01:58,686 DEBUG async.ProducerSendThread (ProducerSendThread.scala:apply(94)) - 5001 ms elapsed. Queue time reached. Sending..
2014-08-11 18:01:58,686 DEBUG async.ProducerSendThread (ProducerSendThread.scala:tryToHandle(117)) - Handling 0 events
2014-08-11 18:02:03,686 DEBUG async.ProducerSendThread (ProducerSendThread.scala:apply(94)) - 5000 ms elapsed. Queue time reached. Sending..
2014-08-11 18:02:03,687 DEBUG async.ProducerSendThread (ProducerSendThread.scala:tryToHandle(117)) - Handling 0 events
2014-08-11 18:02:08,687 DEBUG async.ProducerSendThread (ProducerSendThread.scala:apply(94)) - 5000 ms elapsed. Queue time reached. Sending..
2014-08-11 18:02:08,688 DEBUG async.ProducerSendThread (ProducerSendThread.scala:tryToHandle(117)) - Handling 0 events
2014-08-11 18:02:13,705 DEBUG async.ProducerSendThread (ProducerSendThread.scala:apply(94)) - 5002 ms elapsed. Queue time reached. Sending..
2014-08-11 18:02:13,705 DEBUG async.ProducerSendThread (ProducerSendThread.scala:tryToHandle(117)) - Handling 0 events
2014-08-11 18:02:18,706 DEBUG async.ProducerSendThread (ProducerSendThread.scala:apply(94)) - 5001 ms elapsed. Queue time reached. Sending..
2014-08-11 18:02:18,707 DEBUG async.ProducerSendThread (ProducerSendThread.scala:tryToHandle(117)) - Handling 0 events
2014-08-11 18:02:23,707 DEBUG async.ProducerSendThread (ProducerSendThread.scala:apply(94)) - 5000 ms elapsed. Queue time reached. Sending..
2014-08-11 18:02:23,708 DEBUG async.ProducerSendThread (ProducerSendThread.scala:tryToHandle(117)) - Handling 0 events
2014-08-11 18:02:28,708 DEBUG async.ProducerSendThread (ProducerSendThread.scala:apply(94)) - 5000 ms elapsed. Queue time reached. Sending..
2014-08-11 18:02:28,709 DEBUG async.ProducerSendThread (ProducerSendThread.scala:tryToHandle(117)) - Handling 0 events
2014-08-11 18:02:33,710 DEBUG async.ProducerSendThread (ProducerSendThread.scala:apply(94)) - 5000 ms elapsed. Queue time reached. Sending..
2014-08-11 18:02:33,710 DEBUG async.ProducerSendThread (ProducerSendThread.scala:tryToHandle(117)) - Handling 0 events
2014-08-11 18:02:38,711 DEBUG async.ProducerSendThread (ProducerSendThread.scala:apply(94)) - 5000 ms elapsed. Queue time reached. Sending..
2014-08-11 18:02:38,711 DEBUG async.ProducerSendThread (ProducerSendThread.scala:tryToHandle(117)) - Handling 0 events
2014-08-11 18:02:43,711 DEBUG async.ProducerSendThread (ProducerSendThread.scala:apply(94)) - 5000 ms elapsed. Queue time reached. Sending..
2014-08-11 18:02:43,712 DEBUG async.ProducerSendThread (ProducerSendThread.scala:tryToHandle(117)) - Handling 0 events
2014-08-11 18:02:48,712 DEBUG async.ProducerSendThread (ProducerSendThread.scala:apply(94)) - 5000 ms elapsed. Queue time reached. Sending..
2014-08-11 18:02:48,713 DEBUG async.ProducerSendThread (ProducerSendThread.scala:tryToHandle(117)) - Handling 0 events
2014-08-11 18:02:53,713 DEBUG async.ProducerSendThread (ProducerSendThread.scala:apply(94)) - 5000 ms elapsed. Queue time reached. Sending..
2014-08-11 18:02:53,713 DEBUG async.ProducerSendThread (ProducerSendThread.scala:tryToHandle(117)) - Handling 0 events
2014-08-11 18:02:58,714 DEBUG async.ProducerSendThread (ProducerSendThread.scala:apply(94)) - 5000 ms elapsed. Queue time reached. Sending..
2014-08-11 18:02:58,714 DEBUG async.ProducerSendThread (ProducerSendThread.scala:tryToHandle(117)) - Handling 0 events
2014-08-11 18:03:03,715 DEBUG async.ProducerSendThread (ProducerSendThread.scala:apply(94)) - 5001 ms elapsed. Queue time reached. Sending..
2014-08-11 18:03:03,715 DEBUG async.ProducerSendThread (ProducerSendThread.scala:tryToHandle(117)) - Handling 0 events
2014-08-11 18:03:08,716 DEBUG async.ProducerSendThread (ProducerSendThread.scala:apply(94)) - 5000 ms elapsed. Queue time reached. Sending..
2014-08-11 18:03:08,716 DEBUG async.ProducerSendThread (ProducerSendThread.scala:tryToHandle(117)) - Handling 0 events
2014-08-11 18:03:13,717 DEBUG async.ProducerSendThread (ProducerSendThread.scala:apply(94)) - 5000 ms elapsed. Queue time reached. Sending..
2014-08-11 18:03:13,717 DEBUG async.ProducerSendThread (ProducerSendThread.scala:tryToHandle(117)) - Handling 0 events
2014-08-11 18:03:18,718 DEBUG async.ProducerSendThread (ProducerSendThread.scala:apply(94)) - 5000 ms elapsed. Queue time reached. Sending..
2014-08-11 18:03:18,718 DEBUG async.ProducerSendThread (ProducerSendThread.scala:tryToHandle(117)) - Handling 0 events
2014-08-11 18:03:23,719 DEBUG async.ProducerSendThread (ProducerSendThread.scala:apply(94)) - 5001 ms elapsed. Queue time reached. Sending..
2014-08-11 18:03:23,719 DEBUG async.ProducerSendThread (ProducerSendThread.scala:tryToHandle(117)) - Handling 0 events
2014-08-11 18:03:28,719 DEBUG async.ProducerSendThread (ProducerSendThread.scala:apply(94)) - 5000 ms elapsed. Queue time reached. Sending..
2014-08-11 18:03:28,720 DEBUG async.ProducerSendThread (ProducerSendThread.scala:tryToHandle(117)) - Handling 0 events
2014-08-11 18:03:33,720 DEBUG async.ProducerSendThread (ProducerSendThread.scala:apply(94)) - 5000 ms elapsed. Queue time reached. Sending..
2014-08-11 18:03:33,721 DEBUG async.ProducerSendThread (ProducerSendThread.scala:tryToHandle(117)) - Handling 0 events
2014-08-11 18:03:38,721 DEBUG async.ProducerSendThread (ProducerSendThread.scala:apply(94)) - 5000 ms elapsed. Queue time reached. Sending..
2014-08-11 18:03:38,721 DEBUG async.ProducerSendThread (ProducerSendThread.scala:tryToHandle(117)) - Handling 0 events
2014-08-11 18:03:43,722 DEBUG async.ProducerSendThread (ProducerSendThread.scala:apply(94)) - 5000 ms elapsed. Queue time reached. Sending..
2014-08-11 18:03:43,722 DEBUG async.ProducerSendThread (ProducerSendThread.scala:tryToHandle(117)) - Handling 0 events
2014-08-11 18:03:48,723 DEBUG async.ProducerSendThread (ProducerSendThread.scala:apply(94)) - 5000 ms elapsed. Queue time reached. Sending..
2014-08-11 18:03:48,723 DEBUG async.ProducerSendThread (ProducerSendThread.scala:tryToHandle(117)) - Handling 0 events
2014-08-11 18:03:53,724 DEBUG async.ProducerSendThread (ProducerSendThread.scala:apply(94)) - 5000 ms elapsed. Queue time reached. Sending..
2014-08-11 18:03:53,724 DEBUG async.ProducerSendThread (ProducerSendThread.scala:tryToHandle(117)) - Handling 0 events
2014-08-11 18:03:58,724 DEBUG async.ProducerSendThread (ProducerSendThread.scala:apply(94)) - 5000 ms elapsed. Queue time reached. Sending..
2014-08-11 18:03:58,725 DEBUG async.ProducerSendThread (ProducerSendThread.scala:tryToHandle(117)) - Handling 0 events
2014-08-11 18:04:03,725 DEBUG async.ProducerSendThread (ProducerSendThread.scala:apply(94)) - 5000 ms elapsed. Queue time reached. Sending..
2014-08-11 18:04:03,726 DEBUG async.ProducerSendThread (ProducerSendThread.scala:tryToHandle(117)) - Handling 0 events
2014-08-11 18:04:08,728 DEBUG async.ProducerSendThread (ProducerSendThread.scala:apply(94)) - 5002 ms elapsed. Queue time reached. Sending..
2014-08-11 18:04:08,728 DEBUG async.ProducerSendThread (ProducerSendThread.scala:tryToHandle(117)) - Handling 0 events
2014-08-11 18:04:13,728 DEBUG async.ProducerSendThread (ProducerSendThread.scala:apply(94)) - 5000 ms elapsed. Queue time reached. Sending..
2014-08-11 18:04:13,729 DEBUG async.ProducerSendThread (ProducerSendThread.scala:tryToHandle(117)) - Handling 0 events
2014-08-11 18:04:18,729 DEBUG async.ProducerSendThread (ProducerSendThread.scala:apply(94)) - 5000 ms elapsed. Queue time reached. Sending..
2014-08-11 18:04:18,730 DEBUG async.ProducerSendThread (ProducerSendThread.scala:tryToHandle(117)) - Handling 0 events
2014-08-11 18:04:23,730 DEBUG async.ProducerSendThread (ProducerSendThread.scala:apply(94)) - 5000 ms elapsed. Queue time reached. Sending..
2014-08-11 18:04:23,730 DEBUG async.ProducerSendThread (ProducerSendThread.scala:tryToHandle(117)) - Handling 0 events
2014-08-11 18:04:28,731 DEBUG async.ProducerSendThread (ProducerSendThread.scala:apply(94)) - 5000 ms elapsed. Queue time reached. Sending..
2014-08-11 18:04:28,731 DEBUG async.ProducerSendThread (ProducerSendThread.scala:tryToHandle(117)) - Handling 0 events
2014-08-11 18:04:33,732 DEBUG async.ProducerSendThread (ProducerSendThread.scala:apply(94)) - 5000 ms elapsed. Queue time reached. Sending..
2014-08-11 18:04:33,733 DEBUG async.ProducerSendThread (ProducerSendThread.scala:tryToHandle(117)) - Handling 0 events
2014-08-11 18:04:38,733 DEBUG async.ProducerSendThread (ProducerSendThread.scala:apply(94)) - 5000 ms elapsed. Queue time reached. Sending..
2014-08-11 18:04:38,734 DEBUG async.ProducerSendThread (ProducerSendThread.scala:tryToHandle(117)) - Handling 0 events
2014-08-11 18:04:43,734 DEBUG async.ProducerSendThread (ProducerSendThread.scala:apply(94)) - 5000 ms elapsed. Queue time reached. Sending..
2014-08-11 18:04:43,734 DEBUG async.ProducerSendThread (ProducerSendThread.scala:tryToHandle(117)) - Handling 0 events
2014-08-11 18:04:48,735 DEBUG async.ProducerSendThread (ProducerSendThread.scala:apply(94)) - 5001 ms elapsed. Queue time reached. Sending..
2014-08-11 18:04:48,781 DEBUG async.ProducerSendThread (ProducerSendThread.scala:tryToHandle(117)) - Handling 0 events
2014-08-11 18:04:53,781 DEBUG async.ProducerSendThread (ProducerSendThread.scala:apply(94)) - 5000 ms elapsed. Queue time reached. Sending..
2014-08-11 18:04:53,782 DEBUG async.ProducerSendThread (ProducerSendThread.scala:tryToHandle(117)) - Handling 0 events
2014-08-11 18:04:58,782 DEBUG async.ProducerSendThread (ProducerSendThread.scala:apply(94)) - 5000 ms elapsed. Queue time reached. Sending..
2014-08-11 18:04:58,783 DEBUG async.ProducerSendThread (ProducerSendThread.scala:tryToHandle(117)) - Handling 0 events
2014-08-11 18:05:03,783 DEBUG async.ProducerSendThread (ProducerSendThread.scala:apply(94)) - 5000 ms elapsed. Queue time reached. Sending..
2014-08-11 18:05:03,784 DEBUG async.ProducerSendThread (ProducerSendThread.scala:tryToHandle(117)) - Handling 0 events
2014-08-11 18:05:08,784 DEBUG async.ProducerSendThread (ProducerSendThread.scala:apply(94)) - 5000 ms elapsed. Queue time reached. Sending..
2014-08-11 18:05:08,784 DEBUG async.ProducerSendThread (ProducerSendThread.scala:tryToHandle(117)) - Handling 0 events
2014-08-11 18:05:13,785 DEBUG async.ProducerSendThread (ProducerSendThread.scala:apply(94)) - 5000 ms elapsed. Queue time reached. Sending..
2014-08-11 18:05:13,785 DEBUG async.ProducerSendThread (ProducerSendThread.scala:tryToHandle(117)) - Handling 0 events
2014-08-11 18:05:18,786 DEBUG async.ProducerSendThread (ProducerSendThread.scala:apply(94)) - 5001 ms elapsed. Queue time reached. Sending..
2014-08-11 18:05:18,786 DEBUG async.ProducerSendThread (ProducerSendThread.scala:tryToHandle(117)) - Handling 0 events
2014-08-11 18:05:23,787 DEBUG async.ProducerSendThread (ProducerSendThread.scala:apply(94)) - 5000 ms elapsed. Queue time reached. Sending..
2014-08-11 18:05:23,787 DEBUG async.ProducerSendThread (ProducerSendThread.scala:tryToHandle(117)) - Handling 0 events
2014-08-11 18:05:28,787 DEBUG async.ProducerSendThread (ProducerSendThread.scala:apply(94)) - 5000 ms elapsed. Queue time reached. Sending..
2014-08-11 18:05:28,788 DEBUG async.ProducerSendThread (ProducerSendThread.scala:tryToHandle(117)) - Handling 0 events
2014-08-11 18:05:33,788 DEBUG async.ProducerSendThread (ProducerSendThread.scala:apply(94)) - 5000 ms elapsed. Queue time reached. Sending..
2014-08-11 18:05:33,789 DEBUG async.ProducerSendThread (ProducerSendThread.scala:tryToHandle(117)) - Handling 0 events
2014-08-11 18:05:38,789 DEBUG async.ProducerSendThread (ProducerSendThread.scala:apply(94)) - 5000 ms elapsed. Queue time reached. Sending..
2014-08-11 18:05:38,789 DEBUG async.ProducerSendThread (ProducerSendThread.scala:tryToHandle(117)) - Handling 0 events
2014-08-11 18:05:43,790 DEBUG async.ProducerSendThread (ProducerSendThread.scala:apply(94)) - 5000 ms elapsed. Queue time reached. Sending..
2014-08-11 18:05:43,790 DEBUG async.ProducerSendThread (ProducerSendThread.scala:tryToHandle(117)) - Handling 0 events
2014-08-11 18:05:48,790 DEBUG async.ProducerSendThread (ProducerSendThread.scala:apply(94)) - 5000 ms elapsed. Queue time reached. Sending..
2014-08-11 18:05:48,791 DEBUG async.ProducerSendThread (ProducerSendThread.scala:tryToHandle(117)) - Handling 0 events
2014-08-11 18:05:53,791 DEBUG async.ProducerSendThread (ProducerSendThread.scala:apply(94)) - 5000 ms elapsed. Queue time reached. Sending..
2014-08-11 18:05:53,792 DEBUG async.ProducerSendThread (ProducerSendThread.scala:tryToHandle(117)) - Handling 0 events
2014-08-11 18:05:58,792 DEBUG async.ProducerSendThread (ProducerSendThread.scala:apply(94)) - 5000 ms elapsed. Queue time reached. Sending..
2014-08-11 18:05:58,793 DEBUG async.ProducerSendThread (ProducerSendThread.scala:tryToHandle(117)) - Handling 0 events
2014-08-11 18:06:03,793 DEBUG async.ProducerSendThread (ProducerSendThread.scala:apply(94)) - 5000 ms elapsed. Queue time reached. Sending..
2014-08-11 18:06:03,793 DEBUG async.ProducerSendThread (ProducerSendThread.scala:tryToHandle(117)) - Handling 0 events
2014-08-11 18:06:08,794 DEBUG async.ProducerSendThread (ProducerSendThread.scala:apply(94)) - 5000 ms elapsed. Queue time reached. Sending..
2014-08-11 18:06:08,794 DEBUG async.ProducerSendThread (ProducerSendThread.scala:tryToHandle(117)) - Handling 0 events
2014-08-11 18:06:13,795 DEBUG async.ProducerSendThread (ProducerSendThread.scala:apply(94)) - 5001 ms elapsed. Queue time reached. Sending..
2014-08-11 18:06:13,797 DEBUG async.ProducerSendThread (ProducerSendThread.scala:tryToHandle(117)) - Handling 0 events
2014-08-11 18:06:18,798 DEBUG async.ProducerSendThread (ProducerSendThread.scala:apply(94)) - 5000 ms elapsed. Queue time reached. Sending..
2014-08-11 18:06:18,798 DEBUG async.ProducerSendThread (ProducerSendThread.scala:tryToHandle(117)) - Handling 0 events
2014-08-11 18:06:23,799 DEBUG async.ProducerSendThread (ProducerSendThread.scala:apply(94)) - 5000 ms elapsed. Queue time reached. Sending..
2014-08-11 18:06:23,799 DEBUG async.ProducerSendThread (ProducerSendThread.scala:tryToHandle(117)) - Handling 0 events
2014-08-11 18:06:28,799 DEBUG async.ProducerSendThread (ProducerSendThread.scala:apply(94)) - 5000 ms elapsed. Queue time reached. Sending..
2014-08-11 18:06:28,800 DEBUG async.ProducerSendThread (ProducerSendThread.scala:tryToHandle(117)) - Handling 0 events
